Flow report for first
Sat Oct 16 14:17:34 2010
Quartus II Version 7.2 Build 175 11/20/2007 Service Pack 1 SJ Full Version


---------------------
; Table of Contents ;
---------------------
  1. Legal Notice
  2. Flow Summary
  3. Flow Settings
  4. Flow Non-Default Global Settings
  5. Flow Elapsed Time
  6. Flow Log



----------------
; Legal Notice ;
----------------
Copyright (C) 1991-2007 Altera Corporation
Your use of Altera Corporation's design tools, logic functions 
and other software and tools, and its AMPP partner logic 
functions, and any output files from any of the foregoing 
(including device programming or simulation files), and any 
associated documentation or information are expressly subject 
to the terms and conditions of the Altera Program License 
Subscription Agreement, Altera MegaCore Function License 
Agreement, or other applicable license agreement, including, 
without limitation, that your use is for the sole purpose of 
programming logic devices manufactured by Altera and sold by 
Altera or its authorized distributors.  Please refer to the 
applicable agreement for further details.



+-------------------------------------------------------------------------+
; Flow Summary                                                            ;
+-------------------------+-----------------------------------------------+
; Flow Status             ; Successful - Sat Oct 16 14:17:34 2010         ;
; Quartus II Version      ; 7.2 Build 175 11/20/2007 SP 1 SJ Full Version ;
; Revision Name           ; first                                         ;
; Top-level Entity Name   ; first                                         ;
; Family                  ; ACEX1K                                        ;
; Device                  ; EP1K10TC144-3                                 ;
; Timing Models           ; Final                                         ;
; Met timing requirements ; Yes                                           ;
; Total logic elements    ; 41 / 576 ( 7 % )                              ;
; Total pins              ; 21 / 92 ( 23 % )                              ;
; Total memory bits       ; 0 / 12,288 ( 0 % )                            ;
; Total PLLs              ; 0                                             ;
+-------------------------+-----------------------------------------------+


+-----------------------------------------+
; Flow Settings                           ;
+-------------------+---------------------+
; Option            ; Setting             ;
+-------------------+---------------------+
; Start date & time ; 10/16/2010 14:17:25 ;
; Main task         ; Compilation         ;
; Revision Name     ; first               ;
+-------------------+---------------------+


+--------------------------------------------------------------------+
; Flow Non-Default Global Settings                                   ;
+-----------------+-------+---------------+-------------+------------+
; Assignment Name ; Value ; Default Value ; Entity Name ; Section Id ;
+-----------------+-------+---------------+-------------+------------+


+------------------------------------------------------------------+
; Flow Elapsed Time                                                ;
+-------------------------+--------------+-------------------------+
; Module Name             ; Elapsed Time ; Average Processors Used ;
+-------------------------+--------------+-------------------------+
; Analysis & Synthesis    ; 00:00:03     ; 1.0                     ;
; Fitter                  ; 00:00:02     ; 1.0                     ;
; Assembler               ; 00:00:01     ; 1.0                     ;
; Classic Timing Analyzer ; 00:00:00     ; 1.0                     ;
; Total                   ; 00:00:06     ; --                      ;
+-------------------------+--------------+-------------------------+


------------
; Flow Log ;
------------
quartus_map --read_settings_files=on --write_settings_files=off first -c first
quartus_fit --read_settings_files=off --write_settings_files=off first -c first
quartus_asm --read_settings_files=off --write_settings_files=off first -c first
quartus_tan --read_settings_files=off --write_settings_files=off first -c first



