Assembler report for first
Sat Oct 16 14:17:33 2010
Quartus II Version 7.2 Build 175 11/20/2007 Service Pack 1 SJ Full Version


---------------------
; Table of Contents ;
---------------------
  1. Legal Notice
  2. Assembler Summary
  3. Assembler Settings
  4. Assembler Generated Files
  5. Assembler Device Options: C:/altera/project/first_usb_read_and_write/first/first.sof
  6. Assembler Device Options: C:/altera/project/first_usb_read_and_write/first/first.pof
  7. Assembler Messages



----------------
; Legal Notice ;
----------------
Copyright (C) 1991-2007 Altera Corporation
Your use of Altera Corporation's design tools, logic functions 
and other software and tools, and its AMPP partner logic 
functions, and any output files from any of the foregoing 
(including device programming or simulation files), and any 
associated documentation or information are expressly subject 
to the terms and conditions of the Altera Program License 
Subscription Agreement, Altera MegaCore Function License 
Agreement, or other applicable license agreement, including, 
without limitation, that your use is for the sole purpose of 
programming logic devices manufactured by Altera and sold by 
Altera or its authorized distributors.  Please refer to the 
applicable agreement for further details.



+---------------------------------------------------------------+
; Assembler Summary                                             ;
+-----------------------+---------------------------------------+
; Assembler Status      ; Successful - Sat Oct 16 14:17:33 2010 ;
; Revision Name         ; first                                 ;
; Top-level Entity Name ; first                                 ;
; Family                ; ACEX1K                                ;
; Device                ; EP1K10TC144-3                         ;
+-----------------------+---------------------------------------+


+--------------------------------------------------------------------------------------------------------+
; Assembler Settings                                                                                     ;
+-----------------------------------------------------------------------------+----------+---------------+
; Option                                                                      ; Setting  ; Default Value ;
+-----------------------------------------------------------------------------+----------+---------------+
; Use smart compilation                                                       ; Off      ; Off           ;
; Compression mode                                                            ; Off      ; Off           ;
; Clock source for configuration device                                       ; Internal ; Internal      ;
; Clock frequency of the configuration device                                 ; 10 MHZ   ; 10 MHz        ;
; Divide clock frequency by                                                   ; 1        ; 1             ;
; Low-voltage mode                                                            ; On       ; On            ;
; JTAG user code for target device                                            ; 7F       ; 7F            ;
; Auto user code                                                              ; Off      ; Off           ;
; Use configuration device                                                    ; On       ; On            ;
; Configuration device                                                        ; Auto     ; Auto          ;
; JTAG user code for configuration device                                     ; Ffffffff ; Ffffffff      ;
; Configuration device auto user code                                         ; Off      ; Off           ;
; Auto-increment JTAG user code for multiple configuration devices            ; On       ; On            ;
; Disable CONF_DONE and nSTATUS pull-ups on configuration device              ; Off      ; Off           ;
; Generate Tabular Text File (.ttf) For Target Device                         ; Off      ; Off           ;
; Generate Raw Binary File (.rbf) For Target Device                           ; Off      ; Off           ;
; Generate Hexadecimal (Intel-Format) Output File (.hexout) for Target Device ; Off      ; Off           ;
; Hexadecimal Output File start address                                       ; 0        ; 0             ;
; Hexadecimal Output File count direction                                     ; Up       ; Up            ;
; Release clears before tri-states                                            ; Off      ; Off           ;
; Auto-restart configuration after error                                      ; On       ; On            ;
; Generate Serial Vector Format File (.svf) for Target Device                 ; Off      ; Off           ;
; Generate a JEDEC STAPL Format File (.jam) for Target Device                 ; Off      ; Off           ;
; Generate a compressed Jam STAPL Byte Code 2.0 File (.jbc) for Target Device ; Off      ; Off           ;
; Generate a compressed Jam STAPL Byte Code 2.0 File (.jbc) for Target Device ; On       ; On            ;
+-----------------------------------------------------------------------------+----------+---------------+


+------------------------------------------------------------+
; Assembler Generated Files                                  ;
+------------------------------------------------------------+
; File Name                                                  ;
+------------------------------------------------------------+
; C:/altera/project/first_usb_read_and_write/first/first.sof ;
; C:/altera/project/first_usb_read_and_write/first/first.pof ;
+------------------------------------------------------------+


+--------------------------------------------------------------------------------------+
; Assembler Device Options: C:/altera/project/first_usb_read_and_write/first/first.sof ;
+----------------+---------------------------------------------------------------------+
; Option         ; Setting                                                             ;
+----------------+---------------------------------------------------------------------+
; Device         ; EP1K10TC144-3                                                       ;
; JTAG usercode  ; 0x0000007F                                                          ;
; Checksum       ; 0x0000B752                                                          ;
+----------------+---------------------------------------------------------------------+


+--------------------------------------------------------------------------------------+
; Assembler Device Options: C:/altera/project/first_usb_read_and_write/first/first.pof ;
+--------------------+-----------------------------------------------------------------+
; Option             ; Setting                                                         ;
+--------------------+-----------------------------------------------------------------+
; Device             ; EPC2                                                            ;
; JTAG usercode      ; 0x00000000                                                      ;
; Checksum           ; 0x02EE1857                                                      ;
; Compression Ratio  ; 1                                                               ;
+--------------------+-----------------------------------------------------------------+


+--------------------+
; Assembler Messages ;
+--------------------+
Info: *******************************************************************
Info: Running Quartus II Assembler
    Info: Version 7.2 Build 175 11/20/2007 Service Pack 1 SJ Full Version
    Info: Processing started: Sat Oct 16 14:17:32 2010
Info: Command: quartus_asm --read_settings_files=off --write_settings_files=off first -c first
Info: Assembler is generating device programming files
Info: Quartus II Assembler was successful. 0 errors, 0 warnings
    Info: Allocated 174 megabytes of memory during processing
    Info: Processing ended: Sat Oct 16 14:17:33 2010
    Info: Elapsed time: 00:00:01


