Analysis & Synthesis report for first
Sat Oct 16 14:17:28 2010
Quartus II Version 7.2 Build 175 11/20/2007 Service Pack 1 SJ Full Version


---------------------
; Table of Contents ;
---------------------
  1. Legal Notice
  2. Analysis & Synthesis Summary
  3. Analysis & Synthesis Settings
  4. Analysis & Synthesis Source Files Read
  5. Analysis & Synthesis Resource Usage Summary
  6. Analysis & Synthesis Resource Utilization by Entity
  7. Registers Removed During Synthesis
  8. General Register Statistics
  9. Inverted Register Statistics
 10. Source assignments for lpm_add_sub:Add2|addcore:adder
 11. Parameter Settings for Inferred Entity Instance: lpm_add_sub:Add2
 12. Analysis & Synthesis Messages



----------------
; Legal Notice ;
----------------
Copyright (C) 1991-2007 Altera Corporation
Your use of Altera Corporation's design tools, logic functions 
and other software and tools, and its AMPP partner logic 
functions, and any output files from any of the foregoing 
(including device programming or simulation files), and any 
associated documentation or information are expressly subject 
to the terms and conditions of the Altera Program License 
Subscription Agreement, Altera MegaCore Function License 
Agreement, or other applicable license agreement, including, 
without limitation, that your use is for the sole purpose of 
programming logic devices manufactured by Altera and sold by 
Altera or its authorized distributors.  Please refer to the 
applicable agreement for further details.



+-----------------------------------------------------------------------------+
; Analysis & Synthesis Summary                                                ;
+-----------------------------+-----------------------------------------------+
; Analysis & Synthesis Status ; Successful - Sat Oct 16 14:17:28 2010         ;
; Quartus II Version          ; 7.2 Build 175 11/20/2007 SP 1 SJ Full Version ;
; Revision Name               ; first                                         ;
; Top-level Entity Name       ; first                                         ;
; Family                      ; ACEX1K                                        ;
; Total logic elements        ; 40                                            ;
; Total pins                  ; 21                                            ;
; Total memory bits           ; 0                                             ;
; Total PLLs                  ; 0                                             ;
+-----------------------------+-----------------------------------------------+


+------------------------------------------------------------------------------------------+
; Analysis & Synthesis Settings                                                            ;
+----------------------------------------------------------+---------------+---------------+
; Option                                                   ; Setting       ; Default Value ;
+----------------------------------------------------------+---------------+---------------+
; Device                                                   ; EP1K10TC144-3 ;               ;
; Top-level entity name                                    ; first         ; first         ;
; Family name                                              ; ACEX1K        ; Stratix II    ;
; Use smart compilation                                    ; Off           ; Off           ;
; Create Debugging Nodes for IP Cores                      ; Off           ; Off           ;
; Preserve fewer node names                                ; On            ; On            ;
; Disable OpenCore Plus hardware evaluation                ; Off           ; Off           ;
; Verilog Version                                          ; Verilog_2001  ; Verilog_2001  ;
; VHDL Version                                             ; VHDL93        ; VHDL93        ;
; State Machine Processing                                 ; Auto          ; Auto          ;
; Safe State Machine                                       ; Off           ; Off           ;
; Extract Verilog State Machines                           ; On            ; On            ;
; Extract VHDL State Machines                              ; On            ; On            ;
; Ignore Verilog initial constructs                        ; Off           ; Off           ;
; Add Pass-Through Logic to Inferred RAMs                  ; On            ; On            ;
; Parallel Synthesis                                       ; Off           ; Off           ;
; NOT Gate Push-Back                                       ; On            ; On            ;
; Power-Up Don't Care                                      ; On            ; On            ;
; Remove Redundant Logic Cells                             ; Off           ; Off           ;
; Remove Duplicate Registers                               ; On            ; On            ;
; Ignore CARRY Buffers                                     ; Off           ; Off           ;
; Ignore CASCADE Buffers                                   ; Off           ; Off           ;
; Ignore GLOBAL Buffers                                    ; Off           ; Off           ;
; Ignore ROW GLOBAL Buffers                                ; Off           ; Off           ;
; Ignore LCELL Buffers                                     ; Off           ; Off           ;
; Ignore SOFT Buffers                                      ; On            ; On            ;
; Limit AHDL Integers to 32 Bits                           ; Off           ; Off           ;
; Auto Implement in ROM                                    ; Off           ; Off           ;
; Optimization Technique -- FLEX 10K/10KE/10KA/ACEX 1K     ; Area          ; Area          ;
; Carry Chain Length -- FLEX 10K                           ; 32            ; 32            ;
; Cascade Chain Length                                     ; 2             ; 2             ;
; Auto Carry Chains                                        ; On            ; On            ;
; Auto Open-Drain Pins                                     ; On            ; On            ;
; Auto ROM Replacement                                     ; On            ; On            ;
; Auto RAM Replacement                                     ; On            ; On            ;
; Auto Clock Enable Replacement                            ; On            ; On            ;
; Auto Resource Sharing                                    ; Off           ; Off           ;
; Allow Any RAM Size For Recognition                       ; Off           ; Off           ;
; Allow Any ROM Size For Recognition                       ; Off           ; Off           ;
; Ignore translate_off and synthesis_off directives        ; Off           ; Off           ;
; Show Parameter Settings Tables in Synthesis Report       ; On            ; On            ;
; HDL message level                                        ; Level2        ; Level2        ;
; Suppress Register Optimization Related Messages          ; Off           ; Off           ;
; Number of Removed Registers Reported in Synthesis Report ; 100           ; 100           ;
; Block Design Naming                                      ; Auto          ; Auto          ;
+----------------------------------------------------------+---------------+---------------+


+---------------------------------------------------------------------------------------------------------------------------------------------+
; Analysis & Synthesis Source Files Read                                                                                                      ;
+----------------------------------+-----------------+-----------------+----------------------------------------------------------------------+
; File Name with User-Entered Path ; Used in Netlist ; File Type       ; File Name with Absolute Path                                         ;
+----------------------------------+-----------------+-----------------+----------------------------------------------------------------------+
; first.vhd                        ; yes             ; User VHDL File  ; C:/altera/project/first_usb_read_and_write/first/first.vhd           ;
; lpm_add_sub.tdf                  ; yes             ; Megafunction    ; c:/altera/72/quartus/libraries/megafunctions/lpm_add_sub.tdf         ;
; addcore.inc                      ; yes             ; Megafunction    ; c:/altera/72/quartus/libraries/megafunctions/addcore.inc             ;
; look_add.inc                     ; yes             ; Megafunction    ; c:/altera/72/quartus/libraries/megafunctions/look_add.inc            ;
; bypassff.inc                     ; yes             ; Megafunction    ; c:/altera/72/quartus/libraries/megafunctions/bypassff.inc            ;
; altshift.inc                     ; yes             ; Megafunction    ; c:/altera/72/quartus/libraries/megafunctions/altshift.inc            ;
; alt_stratix_add_sub.inc          ; yes             ; Megafunction    ; c:/altera/72/quartus/libraries/megafunctions/alt_stratix_add_sub.inc ;
; alt_mercury_add_sub.inc          ; yes             ; Megafunction    ; c:/altera/72/quartus/libraries/megafunctions/alt_mercury_add_sub.inc ;
; aglobal72.inc                    ; yes             ; Megafunction    ; c:/altera/72/quartus/libraries/megafunctions/aglobal72.inc           ;
; addcore.tdf                      ; yes             ; Megafunction    ; c:/altera/72/quartus/libraries/megafunctions/addcore.tdf             ;
; a_csnbuffer.inc                  ; yes             ; Megafunction    ; c:/altera/72/quartus/libraries/megafunctions/a_csnbuffer.inc         ;
; a_csnbuffer.tdf                  ; yes             ; Megafunction    ; c:/altera/72/quartus/libraries/megafunctions/a_csnbuffer.tdf         ;
; altshift.tdf                     ; yes             ; Megafunction    ; c:/altera/72/quartus/libraries/megafunctions/altshift.tdf            ;
+----------------------------------+-----------------+-----------------+----------------------------------------------------------------------+


+---------------------------------------------+
; Analysis & Synthesis Resource Usage Summary ;
+-----------------------------------+---------+
; Resource                          ; Usage   ;
+-----------------------------------+---------+
; Total logic elements              ; 40      ;
; Total combinational functions     ; 26      ;
;     -- Total 4-input functions    ; 9       ;
;     -- Total 3-input functions    ; 0       ;
;     -- Total 2-input functions    ; 4       ;
;     -- Total 1-input functions    ; 11      ;
;     -- Total 0-input functions    ; 2       ;
; Total registers                   ; 25      ;
; Total logic cells in carry chains ; 8       ;
; I/O pins                          ; 21      ;
; Maximum fan-out node              ; clk     ;
; Maximum fan-out                   ; 25      ;
; Total fan-out                     ; 142     ;
; Average fan-out                   ; 2.33    ;
+-----------------------------------+---------+


+----------------------------------------------------------------------------------------------------------------------------------------------------------------------------------------------------------------------------------------------------------+
; Analysis & Synthesis Resource Utilization by Entity                                                                                                                                                                                                      ;
+------------------------------------+-------------+--------------+-------------+------+--------------+-------------------+------------------+-----------------+------------+---------------------------------------------------------------+--------------+
; Compilation Hierarchy Node         ; Logic Cells ; LC Registers ; Memory Bits ; Pins ; LUT-Only LCs ; Register-Only LCs ; LUT/Register LCs ; Carry Chain LCs ; Packed LCs ; Full Hierarchy Name                                           ; Library Name ;
+------------------------------------+-------------+--------------+-------------+------+--------------+-------------------+------------------+-----------------+------------+---------------------------------------------------------------+--------------+
; |first                             ; 40 (33)     ; 25           ; 0           ; 21   ; 15 (8)       ; 14 (14)           ; 11 (11)          ; 8 (1)           ; 0 (0)      ; |first                                                        ; work         ;
;    |lpm_add_sub:Add2|              ; 7 (0)       ; 0            ; 0           ; 0    ; 7 (0)        ; 0 (0)             ; 0 (0)            ; 7 (0)           ; 0 (0)      ; |first|lpm_add_sub:Add2                                       ; work         ;
;       |addcore:adder|              ; 7 (1)       ; 0            ; 0           ; 0    ; 7 (1)        ; 0 (0)             ; 0 (0)            ; 7 (1)           ; 0 (0)      ; |first|lpm_add_sub:Add2|addcore:adder                         ; work         ;
;          |a_csnbuffer:result_node| ; 6 (6)       ; 0            ; 0           ; 0    ; 6 (6)        ; 0 (0)             ; 0 (0)            ; 6 (6)           ; 0 (0)      ; |first|lpm_add_sub:Add2|addcore:adder|a_csnbuffer:result_node ; work         ;
+------------------------------------+-------------+--------------+-------------+------+--------------+-------------------+------------------+-----------------+------------+---------------------------------------------------------------+--------------+
Note: For table entries with two numbers listed, the numbers in parentheses indicate the number of resources of the given type used by the specific entity alone. The numbers listed outside of parentheses indicate the total resources of the given type used by the specific entity and all of its sub-entities in the hierarchy.


+--------------------------------------------------------------------+
; Registers Removed During Synthesis                                 ;
+---------------------------------------+----------------------------+
; Register name                         ; Reason for Removal         ;
+---------------------------------------+----------------------------+
; usb_data[1]~en                        ; Merged with usb_data[0]~en ;
; usb_data[2]~en                        ; Merged with usb_data[0]~en ;
; usb_data[3]~en                        ; Merged with usb_data[0]~en ;
; usb_data[4]~en                        ; Merged with usb_data[0]~en ;
; usb_data[5]~en                        ; Merged with usb_data[0]~en ;
; usb_data[6]~en                        ; Merged with usb_data[0]~en ;
; usb_data[7]~en                        ; Merged with usb_data[0]~en ;
; Total Number of Removed Registers = 7 ;                            ;
+---------------------------------------+----------------------------+


+------------------------------------------------------+
; General Register Statistics                          ;
+----------------------------------------------+-------+
; Statistic                                    ; Value ;
+----------------------------------------------+-------+
; Total registers                              ; 25    ;
; Number of registers using Synchronous Clear  ; 0     ;
; Number of registers using Synchronous Load   ; 1     ;
; Number of registers using Asynchronous Clear ; 0     ;
; Number of registers using Asynchronous Load  ; 0     ;
; Number of registers using Clock Enable       ; 17    ;
; Number of registers using Preset             ; 0     ;
+----------------------------------------------+-------+


+--------------------------------------------------+
; Inverted Register Statistics                     ;
+----------------------------------------+---------+
; Inverted Register                      ; Fan out ;
+----------------------------------------+---------+
; rd_buf                                 ; 2       ;
; wr_buf                                 ; 2       ;
; rxf_buf                                ; 3       ;
; txe_buf                                ; 3       ;
; Total number of inverted registers = 4 ;         ;
+----------------------------------------+---------+


+-------------------------------------------------------+
; Source assignments for lpm_add_sub:Add2|addcore:adder ;
+---------------------------+-------+------+------------+
; Assignment                ; Value ; From ; To         ;
+---------------------------+-------+------+------------+
; SUPPRESS_DA_RULE_INTERNAL ; A103  ; -    ; -          ;
+---------------------------+-------+------+------------+


+-------------------------------------------------------------------+
; Parameter Settings for Inferred Entity Instance: lpm_add_sub:Add2 ;
+------------------------+-------------+----------------------------+
; Parameter Name         ; Value       ; Type                       ;
+------------------------+-------------+----------------------------+
; LPM_WIDTH              ; 8           ; Untyped                    ;
; LPM_REPRESENTATION     ; UNSIGNED    ; Untyped                    ;
; LPM_DIRECTION          ; ADD         ; Untyped                    ;
; ONE_INPUT_IS_CONSTANT  ; YES         ; Untyped                    ;
; LPM_PIPELINE           ; 0           ; Untyped                    ;
; MAXIMIZE_SPEED         ; 5           ; Untyped                    ;
; REGISTERED_AT_END      ; 0           ; Untyped                    ;
; OPTIMIZE_FOR_SPEED     ; 1           ; Untyped                    ;
; USE_CS_BUFFERS         ; 1           ; Untyped                    ;
; CARRY_CHAIN            ; MANUAL      ; Untyped                    ;
; CARRY_CHAIN_LENGTH     ; 48          ; CARRY_CHAIN_LENGTH         ;
; DEVICE_FAMILY          ; ACEX1K      ; Untyped                    ;
; USE_WYS                ; OFF         ; Untyped                    ;
; STYLE                  ; FAST        ; Untyped                    ;
; CBXI_PARAMETER         ; add_sub_olh ; Untyped                    ;
; AUTO_CARRY_CHAINS      ; ON          ; AUTO_CARRY                 ;
; IGNORE_CARRY_BUFFERS   ; OFF         ; IGNORE_CARRY               ;
; AUTO_CASCADE_CHAINS    ; ON          ; AUTO_CASCADE               ;
; IGNORE_CASCADE_BUFFERS ; OFF         ; IGNORE_CASCADE             ;
+------------------------+-------------+----------------------------+
Note: In order to hide this table in the UI and the text report file, please set the "Show Parameter Settings Tables in Synthesis Report" option in "Analysis and Synthesis Settings -> More Settings" to "Off".


+-------------------------------+
; Analysis & Synthesis Messages ;
+-------------------------------+
Info: *******************************************************************
Info: Running Quartus II Analysis & Synthesis
    Info: Version 7.2 Build 175 11/20/2007 Service Pack 1 SJ Full Version
    Info: Processing started: Sat Oct 16 14:17:25 2010
Info: Command: quartus_map --read_settings_files=on --write_settings_files=off first -c first
Info: Found 2 design units, including 1 entities, in source file first.vhd
    Info: Found design unit 1: first-acexfirst_arch
    Info: Found entity 1: first
Info: Elaborating entity "first" for the top level hierarchy
Info: Inferred 1 megafunctions from design logic
    Info: Inferred adder/subtractor megafunction ("lpm_add_sub") from the following logic: "Add2"
Info: Found 1 design units, including 1 entities, in source file ../../../72/quartus/libraries/megafunctions/lpm_add_sub.tdf
    Info: Found entity 1: lpm_add_sub
Info: Elaborated megafunction instantiation "lpm_add_sub:Add2"
Info: Found 1 design units, including 1 entities, in source file ../../../72/quartus/libraries/megafunctions/addcore.tdf
    Info: Found entity 1: addcore
Info: Elaborated megafunction instantiation "lpm_add_sub:Add2|addcore:adder", which is child of megafunction instantiation "lpm_add_sub:Add2"
Info: Instantiated megafunction "lpm_add_sub:Add2" with the following parameter:
    Info: Parameter "LPM_WIDTH" = "8"
    Info: Parameter "LPM_DIRECTION" = "ADD"
    Info: Parameter "LPM_REPRESENTATION" = "UNSIGNED"
    Info: Parameter "ONE_INPUT_IS_CONSTANT" = "YES"
Info: Found 1 design units, including 1 entities, in source file ../../../72/quartus/libraries/megafunctions/a_csnbuffer.tdf
    Info: Found entity 1: a_csnbuffer
Info: Elaborated megafunction instantiation "lpm_add_sub:Add2|addcore:adder|a_csnbuffer:oflow_node", which is child of megafunction instantiation "lpm_add_sub:Add2"
Info: Instantiated megafunction "lpm_add_sub:Add2" with the following parameter:
    Info: Parameter "LPM_WIDTH" = "8"
    Info: Parameter "LPM_DIRECTION" = "ADD"
    Info: Parameter "LPM_REPRESENTATION" = "UNSIGNED"
    Info: Parameter "ONE_INPUT_IS_CONSTANT" = "YES"
Info: Elaborated megafunction instantiation "lpm_add_sub:Add2|addcore:adder|a_csnbuffer:result_node", which is child of megafunction instantiation "lpm_add_sub:Add2"
Info: Instantiated megafunction "lpm_add_sub:Add2" with the following parameter:
    Info: Parameter "LPM_WIDTH" = "8"
    Info: Parameter "LPM_DIRECTION" = "ADD"
    Info: Parameter "LPM_REPRESENTATION" = "UNSIGNED"
    Info: Parameter "ONE_INPUT_IS_CONSTANT" = "YES"
Info: Found 1 design units, including 1 entities, in source file ../../../72/quartus/libraries/megafunctions/altshift.tdf
    Info: Found entity 1: altshift
Info: Elaborated megafunction instantiation "lpm_add_sub:Add2|altshift:result_ext_latency_ffs", which is child of megafunction instantiation "lpm_add_sub:Add2"
Info: Instantiated megafunction "lpm_add_sub:Add2" with the following parameter:
    Info: Parameter "LPM_WIDTH" = "8"
    Info: Parameter "LPM_DIRECTION" = "ADD"
    Info: Parameter "LPM_REPRESENTATION" = "UNSIGNED"
    Info: Parameter "ONE_INPUT_IS_CONSTANT" = "YES"
Info: Elaborated megafunction instantiation "lpm_add_sub:Add2|altshift:carry_ext_latency_ffs", which is child of megafunction instantiation "lpm_add_sub:Add2"
Info: Instantiated megafunction "lpm_add_sub:Add2" with the following parameter:
    Info: Parameter "LPM_WIDTH" = "8"
    Info: Parameter "LPM_DIRECTION" = "ADD"
    Info: Parameter "LPM_REPRESENTATION" = "UNSIGNED"
    Info: Parameter "ONE_INPUT_IS_CONSTANT" = "YES"
Info: Duplicate registers merged to single register
    Info: Duplicate register "usb_data[1]~en" merged to single register "usb_data[0]~en"
    Info: Duplicate register "usb_data[2]~en" merged to single register "usb_data[0]~en"
    Info: Duplicate register "usb_data[3]~en" merged to single register "usb_data[0]~en"
    Info: Duplicate register "usb_data[4]~en" merged to single register "usb_data[0]~en"
    Info: Duplicate register "usb_data[5]~en" merged to single register "usb_data[0]~en"
    Info: Duplicate register "usb_data[6]~en" merged to single register "usb_data[0]~en"
    Info: Duplicate register "usb_data[7]~en" merged to single register "usb_data[0]~en"
Warning: Design contains 4 input pin(s) that do not drive logic
    Warning (15610): No output dependent on input pin "sw1[0]"
    Warning (15610): No output dependent on input pin "sw1[1]"
    Warning (15610): No output dependent on input pin "sw2[0]"
    Warning (15610): No output dependent on input pin "sw2[1]"
Info: Implemented 61 device resources after synthesis - the final resource count might be different
    Info: Implemented 7 input pins
    Info: Implemented 6 output pins
    Info: Implemented 8 bidirectional pins
    Info: Implemented 40 logic cells
Info: Quartus II Analysis & Synthesis was successful. 0 errors, 5 warnings
    Info: Allocated 207 megabytes of memory during processing
    Info: Processing ended: Sat Oct 16 14:17:28 2010
    Info: Elapsed time: 00:00:03


